<?xml version="1.0" encoding="UTF-8"?>
<!-- Generated by org.testng.reporters.JUnitXMLReporter -->
<testsuite ignored="0" hostname="DESKTOP-4OHDBHH" failures="0" tests="2" name="Default test" time="13.977" errors="0" timestamp="2024-10-06T21:23:06 ICT">
  <testcase classname="com.register.RegistrationFormTest" name="testRegistrationWithExistingUsername" time="4.491"/>
  <testcase classname="com.register.RegistrationFormTest" name="testSuccessfulRegistration" time="4.435"/>
</testsuite> <!-- Default test -->
