<?xml version="1.0" encoding="UTF-8"?>
<testng-results ignored="0" total="2" passed="2" failed="0" skipped="0">
  <reporter-output>
  </reporter-output>
  <suite started-at="2024-10-07T07:33:41 ICT" name="Default suite" finished-at="2024-10-07T07:34:06 ICT" duration-ms="24987">
    <groups>
    </groups>
    <test started-at="2024-10-07T07:33:41 ICT" name="Default test" finished-at="2024-10-07T07:34:06 ICT" duration-ms="24987">
      <class name="register.RegistrationFormTest">
        <test-method is-config="true" signature="setup()[pri:0, instance:register.RegistrationFormTest@21a21c64]" started-at="2024-10-07T07:33:41 ICT" name="setup" finished-at="2024-10-07T07:33:46 ICT" duration-ms="4800" status="PASS">
          <reporter-output>
          </reporter-output>
        </test-method> <!-- setup -->
        <test-method signature="testRegistrationWithExistingUsername()[pri:0, instance:register.RegistrationFormTest@21a21c64]" started-at="2024-10-07T07:33:46 ICT" name="testRegistrationWithExistingUsername" finished-at="2024-10-07T07:33:50 ICT" duration-ms="4491" status="PASS">
          <reporter-output>
          </reporter-output>
        </test-method> <!-- testRegistrationWithExistingUsername -->
        <test-method is-config="true" signature="teardown()[pri:0, instance:register.RegistrationFormTest@21a21c64]" started-at="2024-10-07T07:33:50 ICT" name="teardown" finished-at="2024-10-07T07:33:51 ICT" duration-ms="348" status="PASS">
          <reporter-output>
          </reporter-output>
        </test-method> <!-- teardown -->
        <test-method is-config="true" signature="setup()[pri:0, instance:register.RegistrationFormTest@21a21c64]" started-at="2024-10-07T07:33:51 ICT" name="setup" finished-at="2024-10-07T07:34:01 ICT" duration-ms="10518" status="PASS">
          <reporter-output>
          </reporter-output>
        </test-method> <!-- setup -->
        <test-method signature="testSuccessfulRegistration()[pri:0, instance:register.RegistrationFormTest@21a21c64]" started-at="2024-10-07T07:34:01 ICT" name="testSuccessfulRegistration" finished-at="2024-10-07T07:34:06 ICT" duration-ms="4469" status="PASS">
          <reporter-output>
          </reporter-output>
        </test-method> <!-- testSuccessfulRegistration -->
        <test-method is-config="true" signature="teardown()[pri:0, instance:register.RegistrationFormTest@21a21c64]" started-at="2024-10-07T07:34:06 ICT" name="teardown" finished-at="2024-10-07T07:34:06 ICT" duration-ms="271" status="PASS">
          <reporter-output>
          </reporter-output>
        </test-method> <!-- teardown -->
      </class> <!-- register.RegistrationFormTest -->
    </test> <!-- Default test -->
  </suite> <!-- Default suite -->
</testng-results>
