<?xml version="1.0" encoding="UTF-8"?>
<testng-results ignored="0" total="2" passed="2" failed="0" skipped="0">
  <reporter-output>
  </reporter-output>
  <suite started-at="2024-10-06T21:22:52 ICT" name="Default suite" finished-at="2024-10-06T21:23:06 ICT" duration-ms="13977">
    <groups>
    </groups>
    <test started-at="2024-10-06T21:22:52 ICT" name="Default test" finished-at="2024-10-06T21:23:06 ICT" duration-ms="13977">
      <class name="com.register.RegistrationFormTest">
        <test-method is-config="true" signature="setup()[pri:0, instance:com.register.RegistrationFormTest@6743e411]" started-at="2024-10-06T21:22:52 ICT" name="setup" finished-at="2024-10-06T21:22:55 ICT" duration-ms="2633" status="PASS">
          <reporter-output>
          </reporter-output>
        </test-method> <!-- setup -->
        <test-method signature="testRegistrationWithExistingUsername()[pri:0, instance:com.register.RegistrationFormTest@6743e411]" started-at="2024-10-06T21:22:55 ICT" name="testRegistrationWithExistingUsername" finished-at="2024-10-06T21:22:59 ICT" duration-ms="4491" status="PASS">
          <reporter-output>
          </reporter-output>
        </test-method> <!-- testRegistrationWithExistingUsername -->
        <test-method is-config="true" signature="teardown()[pri:0, instance:com.register.RegistrationFormTest@6743e411]" started-at="2024-10-06T21:22:59 ICT" name="teardown" finished-at="2024-10-06T21:22:59 ICT" duration-ms="331" status="PASS">
          <reporter-output>
          </reporter-output>
        </test-method> <!-- teardown -->
        <test-method is-config="true" signature="setup()[pri:0, instance:com.register.RegistrationFormTest@6743e411]" started-at="2024-10-06T21:22:59 ICT" name="setup" finished-at="2024-10-06T21:23:01 ICT" duration-ms="1710" status="PASS">
          <reporter-output>
          </reporter-output>
        </test-method> <!-- setup -->
        <test-method signature="testSuccessfulRegistration()[pri:0, instance:com.register.RegistrationFormTest@6743e411]" started-at="2024-10-06T21:23:01 ICT" name="testSuccessfulRegistration" finished-at="2024-10-06T21:23:06 ICT" duration-ms="4435" status="PASS">
          <reporter-output>
          </reporter-output>
        </test-method> <!-- testSuccessfulRegistration -->
        <test-method is-config="true" signature="teardown()[pri:0, instance:com.register.RegistrationFormTest@6743e411]" started-at="2024-10-06T21:23:06 ICT" name="teardown" finished-at="2024-10-06T21:23:06 ICT" duration-ms="282" status="PASS">
          <reporter-output>
          </reporter-output>
        </test-method> <!-- teardown -->
      </class> <!-- com.register.RegistrationFormTest -->
    </test> <!-- Default test -->
  </suite> <!-- Default suite -->
</testng-results>
