<?xml version="1.0" encoding="UTF-8"?>
<!-- Generated by org.testng.reporters.JUnitXMLReporter -->
<testsuite ignored="0" hostname="DESKTOP-4OHDBHH" failures="0" tests="2" name="Default test" time="12.377" errors="0" timestamp="2024-10-06T21:50:37 ICT">
  <testcase classname="register.RegistrationFormTest" name="testRegistrationWithExistingUsername" time="4.293"/>
  <testcase classname="register.RegistrationFormTest" name="testSuccessfulRegistration" time="4.31"/>
</testsuite> <!-- Default test -->
