<?xml version="1.0" encoding="UTF-8"?>
<testsuite xmlns:xsi="http://www.w3.org/2001/XMLSchema-instance" xsi:noNamespaceSchemaLocation="https://maven.apache.org/surefire/maven-surefire-plugin/xsd/surefire-test-report.xsd" name="register.RegistrationFormTest" time="13.021" tests="2" errors="0" skipped="0" failures="0">
  <properties>
[...]
</properties>
  <testcase name="testRegistrationWithExistingUsername" classname="register.RegistrationFormTest" time="4.334"/>
  <testcase name="testSuccessfulRegistration" classname="register.RegistrationFormTest" time="4.3"/>
</testsuite>