<?xml version="1.0" encoding="UTF-8"?>
<!-- Generated by org.testng.reporters.JUnitXMLReporter -->
<testsuite ignored="0" hostname="DESKTOP-4OHDBHH" failures="0" tests="2" name="Surefire test" time="12.366" errors="0" timestamp="2024-10-06T21:52:21 ICT">
  <testcase classname="register.RegistrationFormTest" name="testRegistrationWithExistingUsername" time="4.331"/>
  <testcase classname="register.RegistrationFormTest" name="testSuccessfulRegistration" time="4.299"/>
</testsuite> <!-- Surefire test -->
